[debug] [2022-04-26T05:31:17.517Z] ----------------------------------------------------------------------
[debug] [2022-04-26T05:31:17.519Z] Command:       C:\Program Files\nodejs\node.exe C:\Program Files\nodejs\node_modules\firebase-tools\lib\bin\firebase.js init
[debug] [2022-04-26T05:31:17.519Z] CLI Version:   10.7.1
[debug] [2022-04-26T05:31:17.519Z] Platform:      win32
[debug] [2022-04-26T05:31:17.519Z] Node Version:  v12.22.1
[debug] [2022-04-26T05:31:17.520Z] Time:          Tue Apr 26 2022 10:31:17 GMT+0500 (Pakistan Standard Time)
[debug] [2022-04-26T05:31:17.520Z] ----------------------------------------------------------------------
[debug] 
[debug] [2022-04-26T05:31:17.526Z] > command requires scopes: ["email","openid","https://www.googleapis.com/auth/cloudplatformprojects.readonly","https://www.googleapis.com/auth/firebase","https://www.googleapis.com/auth/cloud-platform"]
[debug] [2022-04-26T05:31:17.526Z] > authorizing via signed-in user (hamzabhatti151@gmail.com)
[info] 
     ######## #### ########  ######## ########     ###     ######  ########
     ##        ##  ##     ## ##       ##     ##  ##   ##  ##       ##
     ######    ##  ########  ######   ########  #########  ######  ######
     ##        ##  ##    ##  ##       ##     ## ##     ##       ## ##
     ##       #### ##     ## ######## ########  ##     ##  ######  ########

You're about to initialize a Firebase project in this directory:

  C:\xampp\htdocs\kangroutes

Before we get started, keep in mind:

  * You are currently outside your home directory

[debug] [2022-04-26T05:42:34.801Z] ----------------------------------------------------------------------
[debug] [2022-04-26T05:42:34.803Z] Command:       C:\Program Files\nodejs\node.exe C:\Program Files\nodejs\node_modules\firebase-tools\lib\bin\firebase.js init
[debug] [2022-04-26T05:42:34.803Z] CLI Version:   10.7.1
[debug] [2022-04-26T05:42:34.804Z] Platform:      win32
[debug] [2022-04-26T05:42:34.804Z] Node Version:  v12.22.1
[debug] [2022-04-26T05:42:34.804Z] Time:          Tue Apr 26 2022 10:42:34 GMT+0500 (Pakistan Standard Time)
[debug] [2022-04-26T05:42:34.804Z] ----------------------------------------------------------------------
[debug] 
[debug] [2022-04-26T05:42:34.810Z] > command requires scopes: ["email","openid","https://www.googleapis.com/auth/cloudplatformprojects.readonly","https://www.googleapis.com/auth/firebase","https://www.googleapis.com/auth/cloud-platform"]
[debug] [2022-04-26T05:42:34.810Z] > authorizing via signed-in user (hamzabhatti151@gmail.com)
[info] 
     ######## #### ########  ######## ########     ###     ######  ########
     ##        ##  ##     ## ##       ##     ##  ##   ##  ##       ##
     ######    ##  ########  ######   ########  #########  ######  ######
     ##        ##  ##    ##  ##       ##     ## ##     ##       ## ##
     ##       #### ##     ## ######## ########  ##     ##  ######  ########

You're about to initialize a Firebase project in this directory:

  C:\xampp\htdocs\kangroutes

Before we get started, keep in mind:

  * You are currently outside your home directory

